[    0.000000] Initializing cgroup subsys cpuset
[    0.000000] Initializing cgroup subsys cpu
[    0.000000] Initializing cgroup subsys cpuacct
[    0.000000] Linux version 4.4.0-78-generic (buildd@lgw01-11) (gcc version 5.4.0 20160609 (Ubuntu 5.4.0-6ubuntu1~16.04.4) ) #99-Ubuntu SMP Thu Apr 27 15:29:09 UTC 2017 (Ubuntu 4.4.0-78.99-generic 4.4.62)
[    0.000000] Command line: BOOT_IMAGE=/boot/vmlinuz-4.4.0-78-generic root=LABEL=cloudimg-rootfs ro console=tty1 console=ttyS0
[    0.000000] KERNEL supported cpus:
[    0.000000]   Intel GenuineIntel
[    0.000000]   AMD AuthenticAMD
[    0.000000]   Centaur CentaurHauls
[    0.000000] ------------[ cut here ]------------
[    0.000000] WARNING: CPU: 0 PID: 0 at /build/linux-0XAgc4/linux-4.4.0/arch/x86/kernel/fpu/xstate.c:517 fpu__init_system_xstate+0x38b/0x75a()
[    0.000000] XSAVE consistency problem, dumping leaves
[    0.000000] Modules linked in:
[    0.000000] CPU: 0 PID: 0 Comm: swapper Not tainted 4.4.0-78-generic #99-Ubuntu
[    0.000000]  0000000000000086 ab825c64bc89aae3 ffffffff81e03d80 ffffffff813f8dd3
[    0.000000]  ffffffff81e03dc8 ffffffff81ca9c50 ffffffff81e03db8 ffffffff81081302
[    0.000000]  ffffffff81e03e48 ffffffff81e03e4c 0000000000000008 0000000000000100
[    0.000000] Call Trace:
[    0.000000]  [<ffffffff813f8dd3>] dump_stack+0x63/0x90
[    0.000000]  [<ffffffff81081302>] warn_slowpath_common+0x82/0xc0
[    0.000000]  [<ffffffff8108139c>] warn_slowpath_fmt+0x5c/0x80
[    0.000000]  [<ffffffff8107cfd0>] ? xfeature_size+0x59/0x77
[    0.000000]  [<ffffffff81f6d218>] fpu__init_system_xstate+0x38b/0x75a
[    0.000000]  [<ffffffff81f5d120>] ? early_idt_handler_array+0x120/0x120
[    0.000000]  [<ffffffff81f6cb83>] fpu__init_system+0x10d/0x245
[    0.000000]  [<ffffffff81f6dc8c>] early_cpu_init+0x139/0x13e
[    0.000000]  [<ffffffff81f6dc8c>] ? early_cpu_init+0x139/0x13e
[    0.000000]  [<ffffffff81f69193>] setup_arch+0xb4/0xcf1
[    0.000000]  [<ffffffff81f5d120>] ? early_idt_handler_array+0x120/0x120
[    0.000000]  [<ffffffff81f5dc74>] start_kernel+0xe4/0x4a2
[    0.000000]  [<ffffffff81f5d120>] ? early_idt_handler_array+0x120/0x120
[    0.000000]  [<ffffffff81f5d339>] x86_64_start_reservations+0x2a/0x2c
[    0.000000]  [<ffffffff81f5d485>] x86_64_start_kernel+0x14a/0x16d
[    0.000000] ---[ end trace 4d5ff9f2f68c4233 ]---
[    0.000000] CPUID[0d, 00]: eax=00000007 ebx=00000440 ecx=00000440 edx=00000000
[    0.000000] CPUID[0d, 01]: eax=00000000 ebx=000003c0 ecx=00000000 edx=00000000
[    0.000000] CPUID[0d, 02]: eax=00000100 ebx=00000240 ecx=00000000 edx=00000000
[    0.000000] CPUID[0d, 03]: eax=00000000 ebx=00000000 ecx=00000000 edx=00000000
[    0.000000] CPUID[0d, 04]: eax=00000000 ebx=00000000 ecx=00000000 edx=00000000
[    0.000000] CPUID[0d, 05]: eax=00000000 ebx=00000000 ecx=00000000 edx=00000000
[    0.000000] CPUID[0d, 06]: eax=00000000 ebx=00000000 ecx=00000000 edx=00000000
[    0.000000] CPUID[0d, 07]: eax=00000000 ebx=00000000 ecx=00000000 edx=00000000
[    0.000000] CPUID[0d, 08]: eax=00000000 ebx=00000000 ecx=00000000 edx=00000000
[    0.000000] CPUID[0d, 09]: eax=00000000 ebx=00000000 ecx=00000000 edx=00000000
[    0.000000] CPUID[0d, 0a]: eax=00000000 ebx=00000000 ecx=00000000 edx=00000000
[    0.000000] CPUID[0d, 0b]: eax=00000000 ebx=00000000 ecx=00000000 edx=00000000
[    0.000000] CPUID[0d, 0c]: eax=00000000 ebx=00000000 ecx=00000000 edx=00000000
[    0.000000] CPUID[0d, 0d]: eax=00000000 ebx=00000000 ecx=00000000 edx=00000000
[    0.000000] CPUID[0d, 0e]: eax=00000000 ebx=00000000 ecx=00000000 edx=00000000
[    0.000000] CPUID[0d, 0f]: eax=00000000 ebx=00000000 ecx=00000000 edx=00000000
[    0.000000] CPUID[0d, 10]: eax=00000000 ebx=00000000 ecx=00000000 edx=00000000
[    0.000000] CPUID[0d, 11]: eax=00000000 ebx=00000000 ecx=00000000 edx=00000000
[    0.000000] x86/fpu: xstate_offset[2]:  576, xstate_sizes[2]:  256
[    0.000000] x86/fpu: Supporting XSAVE feature 0x01: 'x87 floating point registers'
[    0.000000] x86/fpu: Supporting XSAVE feature 0x02: 'SSE registers'
[    0.000000] x86/fpu: Supporting XSAVE feature 0x04: 'AVX registers'
[    0.000000] x86/fpu: Enabled xstate features 0x7, context size is 1088 bytes, using 'standard' format.
[    0.000000] x86/fpu: Using 'lazy' FPU context switches.
[    0.000000] e820: BIOS-provided physical RAM map:
[    0.000000] BIOS-e820: [mem 0x0000000000000000-0x000000000009fbff] usable
[    0.000000] BIOS-e820: [mem 0x000000000009fc00-0x000000000009ffff] reserved
[    0.000000] BIOS-e820: [mem 0x00000000000f0000-0x00000000000fffff] reserved
[    0.000000] BIOS-e820: [mem 0x0000000000100000-0x000000003ffeffff] usable
[    0.000000] BIOS-e820: [mem 0x000000003fff0000-0x000000003fffffff] ACPI data
[    0.000000] BIOS-e820: [mem 0x00000000fec00000-0x00000000fec00fff] reserved
[    0.000000] BIOS-e820: [mem 0x00000000fee00000-0x00000000fee00fff] reserved
[    0.000000] BIOS-e820: [mem 0x00000000fffc0000-0x00000000ffffffff] reserved
[    0.000000] NX (Execute Disable) protection: active
[    0.000000] SMBIOS 2.5 present.
[    0.000000] Hypervisor detected: KVM
[    0.000000] e820: last_pfn = 0x3fff0 max_arch_pfn = 0x400000000
[    0.000000] MTRR: Disabled
[    0.000000] x86/PAT: MTRRs disabled, skipping PAT initialization too.
[    0.000000] x86/PAT: Configuration [0-7]: WB  WT  UC- UC  WB  WT  UC- UC  
[    0.000000] CPU MTRRs all blank - virtualized system.
[    0.000000] found SMP MP-table at [mem 0x0009fff0-0x0009ffff] mapped at [ffff88000009fff0]
[    0.000000] Scanning 1 areas for low memory corruption
[    0.000000] RAMDISK: [mem 0x36ae6000-0x3756afff]
[    0.000000] ACPI: Early table checksum verification disabled
[    0.000000] ACPI: RSDP 0x00000000000E0000 000024 (v02 VBOX  )
[    0.000000] ACPI: XSDT 0x000000003FFF0030 00003C (v01 VBOX   VBOXXSDT 00000001 ASL  00000061)
[    0.000000] ACPI: FACP 0x000000003FFF00F0 0000F4 (v04 VBOX   VBOXFACP 00000001 ASL  00000061)
[    0.000000] ACPI: DSDT 0x000000003FFF0470 0021C8 (v02 VBOX   VBOXBIOS 00000002 INTL 20160108)
[    0.000000] ACPI: FACS 0x000000003FFF0200 000040
[    0.000000] ACPI: FACS 0x000000003FFF0200 000040
[    0.000000] ACPI: APIC 0x000000003FFF0240 00005C (v02 VBOX   VBOXAPIC 00000001 ASL  00000061)
[    0.000000] ACPI: SSDT 0x000000003FFF02A0 0001CC (v01 VBOX   VBOXCPUT 00000002 INTL 20160108)
[    0.000000] No NUMA configuration found
[    0.000000] Faking a node at [mem 0x0000000000000000-0x000000003ffeffff]
[    0.000000] NODE_DATA(0) allocated [mem 0x3ffeb000-0x3ffeffff]
[    0.000000] kvm-clock: Using msrs 4b564d01 and 4b564d00
[    0.000000] kvm-clock: cpu 0, msr 0:3ffe3001, primary cpu clock
[    0.000000] kvm-clock: using sched offset of 2869482187 cycles
[    0.000000] clocksource: kvm-clock: mask: 0xffffffffffffffff max_cycles: 0x1cd42e4dffb, max_idle_ns: 881590591483 ns
[    0.000000] Zone ranges:
[    0.000000]   DMA      [mem 0x0000000000001000-0x0000000000ffffff]
[    0.000000]   DMA32    [mem 0x0000000001000000-0x000000003ffeffff]
[    0.000000]   Normal   empty
[    0.000000]   Device   empty
[    0.000000] Movable zone start for each node
[    0.000000] Early memory node ranges
[    0.000000]   node   0: [mem 0x0000000000001000-0x000000000009efff]
[    0.000000]   node   0: [mem 0x0000000000100000-0x000000003ffeffff]
[    0.000000] Initmem setup node 0 [mem 0x0000000000001000-0x000000003ffeffff]
[    0.000000] ACPI: PM-Timer IO Port: 0x4008
[    0.000000] IOAPIC[0]: apic_id 2, version 32, address 0xfec00000, GSI 0-23
[    0.000000] ACPI: INT_SRC_OVR (bus 0 bus_irq 0 global_irq 2 dfl dfl)
[    0.000000] ACPI: INT_SRC_OVR (bus 0 bus_irq 9 global_irq 9 high level)
[    0.000000] Using ACPI (MADT) for SMP configuration information
[    0.000000] smpboot: Allowing 2 CPUs, 0 hotplug CPUs
[    0.000000] PM: Registered nosave memory: [mem 0x00000000-0x00000fff]
[    0.000000] PM: Registered nosave memory: [mem 0x0009f000-0x0009ffff]
[    0.000000] PM: Registered nosave memory: [mem 0x000a0000-0x000effff]
[    0.000000] PM: Registered nosave memory: [mem 0x000f0000-0x000fffff]
[    0.000000] e820: [mem 0x40000000-0xfebfffff] available for PCI devices
[    0.000000] Booting paravirtualized kernel on KVM
[    0.000000] clocksource: refined-jiffies: mask: 0xffffffff max_cycles: 0xffffffff, max_idle_ns: 7645519600211568 ns
[    0.000000] setup_percpu: NR_CPUS:512 nr_cpumask_bits:512 nr_cpu_ids:2 nr_node_ids:1
[    0.000000] PERCPU: Embedded 33 pages/cpu @ffff88003fc00000 s98264 r8192 d28712 u1048576
[    0.000000] PV qspinlock hash table entries: 256 (order: 0, 4096 bytes)
[    0.000000] Built 1 zonelists in Node order, mobility grouping on.  Total pages: 257913
[    0.000000] Policy zone: DMA32
[    0.000000] Kernel command line: BOOT_IMAGE=/boot/vmlinuz-4.4.0-78-generic root=LABEL=cloudimg-rootfs ro console=tty1 console=ttyS0
[    0.000000] PID hash table entries: 4096 (order: 3, 32768 bytes)
[    0.000000] Memory: 1001808K/1048120K available (8469K kernel code, 1294K rwdata, 3984K rodata, 1484K init, 1316K bss, 46312K reserved, 0K cma-reserved)
[    0.000000] SLUB: HWalign=64, Order=0-3, MinObjects=0, CPUs=2, Nodes=1
[    0.000000] Hierarchical RCU implementation.
[    0.000000] 	Build-time adjustment of leaf fanout to 64.
[    0.000000] 	RCU restricting CPUs from NR_CPUS=512 to nr_cpu_ids=2.
[    0.000000] RCU: Adjusting geometry for rcu_fanout_leaf=64, nr_cpu_ids=2
[    0.000000] NR_IRQS:33024 nr_irqs:440 16
[    0.000000] Console: colour VGA+ 80x25
[    0.000000] console [tty1] enabled
[    0.000000] console [ttyS0] enabled
[    0.000000] tsc: Detected 2807.978 MHz processor
[   24.996848] Calibrating delay loop (skipped) preset value.. 5615.95 BogoMIPS (lpj=11231912)
[   25.238974] pid_max: default: 32768 minimum: 301
[   25.377220] ACPI: Core revision 20150930
[   25.495061] ACPI: 2 ACPI AML tables successfully acquired and loaded
[   25.677227] Security Framework initialized
[   25.801171] Yama: becoming mindful.
[   25.902438] AppArmor: AppArmor initialized
[   26.025665] Dentry cache hash table entries: 131072 (order: 8, 1048576 bytes)
[   26.230318] Inode-cache hash table entries: 65536 (order: 7, 524288 bytes)
[   26.425425] Mount-cache hash table entries: 2048 (order: 2, 16384 bytes)
[   26.620633] Mountpoint-cache hash table entries: 2048 (order: 2, 16384 bytes)
[   26.820957] Initializing cgroup subsys io
[   26.933142] Initializing cgroup subsys memory
[   27.061597] Initializing cgroup subsys devices
[   27.188292] Initializing cgroup subsys freezer
[   27.320925] Initializing cgroup subsys net_cls
[   27.453663] Initializing cgroup subsys perf_event
[   27.564956] Initializing cgroup subsys net_prio
[   27.618470] Initializing cgroup subsys hugetlb
[   27.679429] Initializing cgroup subsys pids
[   27.758390] CPU: Physical Processor ID: 0
[   27.876048] CPU: Processor Core ID: 0
[   27.974468] mce: CPU supports 0 MCE banks
[   28.092378] Last level iTLB entries: 4KB 64, 2MB 8, 4MB 8
[   28.244442] Last level dTLB entries: 4KB 64, 2MB 0, 4MB 0, 1GB 4
[   28.424496] Freeing SMP alternatives memory: 32K (ffffffff820b8000 - ffffffff820c0000)
[   28.681027] ftrace: allocating 32120 entries in 126 pages
[   28.872706] smpboot: APIC(0) Converting physical 0 to logical package 0
[   29.064840] smpboot: Max logical packages: 1
[   29.190784] x2apic enabled
[   29.262334] Switched APIC routing to physical x2apic.
[   29.412036] ..TIMER: vector=0x30 apic1=0 pin1=2 apic2=-1 pin2=-1
[   29.700952] smpboot: CPU0: Intel(R) Xeon(R) CPU E3-1505M v5 @ 2.80GHz (family: 0x6, model: 0x5e, stepping: 0x3)
[   29.990302] Performance Events: unsupported p6 CPU model 94 no PMU driver, software events only.
[   30.242000] KVM setup paravirtual spinlock
[   30.347825] x86: Booting SMP configuration:
[   30.465051] .... node  #0, CPUs:      #1
[   30.569084] kvm-clock: cpu 1,mmsr00:3ffe3441, secondary cpu clock
[   30.880283] mce: CPU supports 0 MCE banks
[   31.087536] x86: Booted up 1 node, 2 CPUs
[   31.189988] smpboot: Total of 2 processors activated (11231.91 BogoMIPS)
[   31.380464] devtmpfs: initialized
[   31.480557] evm: security.selinux
[   31.577516] evm: security.SMACK64
[   31.670464] evm: security.SMACK64EXEC
[   31.762291] evm: security.SMACK64TRANSMUTE
[   31.868343] evm: security.SMACK64MMAP
[   31.970185] evm: security.ima
[   32.044547] evm: security.capability
[   32.151905] clocksource: jiffies: mask: 0xffffffff max_cycles: 0xffffffff, max_idle_ns: 7645041785100000 ns
[   32.419728] futex hash table entries: 512 (order: 3, 32768 bytes)
[   32.580734] pinctrl core: initialized pinctrl subsystem
[   32.723880] RTC time: 22:12:57, date: 05/26/17
[   32.834088] NET: Registered protocol family 16
[   32.961379] cpuidle: using governor ladder
[   33.080818] cpuidle: using governor menu
[   33.193185] PCCT header not found.
[   33.285691] ACPI: bus type PCI registered
[   33.402245] acpiphp: ACPI Hot Plug PCI Controller Driver version: 0.5
[   33.581515] PCI: Using configuration type 1 for base access
[   33.753981] ACPI: Added _OSI(Module Device)
[   33.867497] ACPI: Added _OSI(Processor Device)
[   34.001609] ACPI: Added _OSI(3.0 _SCP Extensions)
[   34.134947] ACPI: Added _OSI(Processor Aggregator Device)
[   34.295349] ACPI: Executed 1 blocks of module-level executable AML code
[   34.479516] ACPI: Interpreter enabled
[   34.578118] ACPI: (supports S0 S5)
[   34.676108] ACPI: Using IOAPIC for interrupt routing
[   34.816123] PCI: Using host bridge windows from ACPI; if necessary, use "pci=nocrs" and report a bug
[   35.031819] ACPI: PCI Root Bridge [PCI0] (domain 0000 [bus 00-ff])
[   35.204427] acpi PNP0A03:00: _OSC: OS supports [ASPM ClockPM Segments MSI]
[   35.406877] acpi PNP0A03:00: _OSC failed (AE_NOT_FOUND); disabling ASPM
[   35.595083] acpi PNP0A03:00: fail to add MMCONFIG information, can't access extended PCI configuration space under this bridge.
[   35.937607] PCI host bridge to bus 0000:00
[   36.059751] pci_bus 0000:00: root bus resource [io  0x0000-0x0cf7 window]
[   36.257201] pci_bus 0000:00: root bus resource [io  0x0d00-0xffff window]
[   36.455632] pci_bus 0000:00: root bus resource [mem 0x000a0000-0x000bffff window]
[   36.662884] pci_bus 0000:00: root bus resource [mem 0x40000000-0xffdfffff window]
[   36.883663] pci_bus 0000:00: root bus resource [bus 00-ff]
[   37.041241] pci 0000:00:01.1: legacy IDE quirk: reg 0x10: [io  0x01f0-0x01f7]
[   37.244993] pci 0000:00:01.1: legacy IDE quirk: reg 0x14: [io  0x03f6]
[   37.442364] pci 0000:00:01.1: legacy IDE quirk: reg 0x18: [io  0x0170-0x0177]
[   37.644013] pci 0000:00:01.1: legacy IDE quirk: reg 0x1c: [io  0x0376]
[   37.844917] pci 0000:00:07.0: quirk: [io  0x4000-0x403f] claimed by PIIX4 ACPI
[   38.062200] pci 0000:00:07.0: quirk: [io  0x4100-0x410f] claimed by PIIX4 SMB
[   38.278345] ACPI: PCI Interrupt Link [LNKA] (IRQs 5 9 10 *11)
[   38.427905] ACPI: PCI Interrupt Link [LNKB] (IRQs 5 9 10 *11)
[   38.578949] ACPI: PCI Interrupt Link [LNKC] (IRQs 5 9 *10 11)
[   38.723968] ACPI: PCI Interrupt Link [LNKD] (IRQs 5 *9 10 11)
[   38.873912] ACPI: Enabled 2 GPEs in block 00 to 07
[   39.010278] vgaarb: setting as boot device: PCI:0000:00:02.0
[   39.172656] vgaarb: device added: PCI:0000:00:02.0,decodes=io+mem,owns=io+mem,locks=none
[   39.405670] vgaarb: loaded
[   39.485573] vgaarb: bridge control possible 0000:00:02.0
[   39.639951] SCSI subsystem initialized
[   39.752835] ACPI: bus type USB registered
[   39.865272] usbcore: registered new interface driver usbfs
[   40.026444] usbcore: registered new interface driver hub
[   40.185635] usbcore: registered new device driver usb
[   40.334549] PCI: Using ACPI for IRQ routing
[   40.454444] NetLabel: Initializing
[   40.558734] NetLabel:  domain hash size = 128
[   40.678683] NetLabel:  protocols = UNLABELED CIPSOv4
[   40.819052] NetLabel:  unlabeled traffic allowed by default
[   40.967276] amd_nb: Cannot enumerate AMD northbridges
[   41.117163] clocksource: Switched to clocksource kvm-clock
[   41.290690] AppArmor: AppArmor Filesystem Enabled
[   41.424920] pnp: PnP ACPI init
[   41.520307] pnp: PnP ACPI: found 3 devices
[   41.649862] clocksource: acpi_pm: mask: 0xffffff max_cycles: 0xffffff, max_idle_ns: 2085701024 ns
[   41.900000] NET: Registered protocol family 2
[   42.020269] TCP established hash table entries: 8192 (order: 4, 65536 bytes)
[   42.234957] TCP bind hash table entries: 8192 (order: 5, 131072 bytes)
[   42.425586] TCP: Hash tables configured (established 8192 bind 8192)
[   42.618048] UDP hash table entries: 512 (order: 2, 16384 bytes)
[   42.788223] UDP-Lite hash table entries: 512 (order: 2, 16384 bytes)
[   42.970730] NET: Registered protocol family 1
[   43.097124] pci 0000:00:00.0: Limiting direct PCI/PCI transfers
[   43.274049] pci 0000:00:01.0: Activating ISA DMA hang workarounds
[   43.454856] Unpacking initramfs...
[   45.115723] Freeing initrd memory: 10772K (ffff880036ae6000 - ffff88003756b000)
[   45.335306] platform rtc_cmos: registered platform RTC device (no PNP device found)
[   45.550729] Scanning for low memory corruption every 60 seconds
[   45.718979] audit: initializing netlink subsys (disabled)
[   45.874887] audit: type=2000 audit(1495836754.848:1): initialized
[   46.058081] Initialise system trusted keyring
[   46.175683] HugeTLB registered 2 MB page size, pre-allocated 0 pages
[   46.356760] tsc: Refined TSC clocksource calibration: 2809.024 MHz
[   46.535954] clocksource: tsc: mask: 0xffffffffffffffff max_cycles: 0x287d8d6bdc2, max_idle_ns: 440795282809 ns
ÿ[   46.537214] zbud: loaded
[   46.537376] VFS: Disk quotas dquot_6.6.0
[   46.537400] VFS: Dquot-cache hash table entries: 512 (order 0, 4096 bytes)
[   46.537687] squashfs: version 4.0 (2009/01/31) Phillip Lougher
[   46.537872] fuse init (API version 7.23)
[   46.537960] Key type big_key registered
[   46.537972] Allocating IMA MOK and blacklist keyrings.
[   46.538109] Key type asymmetric registered
[   46.538114] Asymmetric key parser 'x509' registered
[   46.538138] Block layer SCSI generic (bsg) driver version 0.4 loaded (major 249)
[   46.538157] io scheduler noop registered
[   46.538159] io scheduler deadline registered (default)
[   46.538178] io scheduler cfq registered
[   46.538253] pci_hotplug: PCI Hot Plug PCI Core version: 0.5
[   46.538257] pciehp: PCI Express Hot Plug Controller Driver version: 0.4
[   46.538347] ACPI: AC Adapter [AC] (on-line)
[   46.538383] input: Power Button as /devices/LNXSYSTM:00/LNXPWRBN:00/input/input0
[   46.538385] ACPI: Power Button [PWRF]
[   46.538428] input: Sleep Button as /devices/LNXSYSTM:00/LNXSLPBN:00/input/input1
[   46.538429] ACPI: Sleep Button [SLPF]
[   46.538527] GHES: HEST is not enabled!
[   46.539061] ACPI: Battery Slot [BAT0] (battery present)
[   46.539087] Serial: 8250/16550 driver, 32 ports, IRQ sharing enabled
[   46.847736] 00:02: ttyS0 at I/O 0x3f8 (irq = 4, base_baud = 115200) is a 16550A
[   46.920474] Linux agpgart interface v0.103
[   47.296880] loop: module loaded
[   47.297374] scsi host0: ata_piix
[   47.297419] scsi host1: ata_piix
[   47.297442] ata1: PATA max UDMA/33 cmd 0x1f0 ctl 0x3f6 bmdma 0xd000 irq 14
[   47.297443] ata2: PATA max UDMA/33 cmd 0x170 ctl 0x376 bmdma 0xd008 irq 15
[   47.297500] libphy: Fixed MDIO Bus: probed
[   47.297502] tun: Universal TUN/TAP device driver, 1.6
[   47.297502] tun: (C) 1999-2004 Max Krasnyansky <maxk@qualcomm.com>
[   47.297782] PPP generic driver version 2.4.2
[   47.297857] ehci_hcd: USB 2.0 'Enhanced' Host Controller (EHCI) Driver
[   47.297864] ehci-pci: EHCI PCI platform driver
[   47.297876] ehci-platform: EHCI generic platform driver
[   47.297883] ohci_hcd: USB 1.1 'Open' Host Controller (OHCI) Driver
[   47.297888] ohci-pci: OHCI PCI platform driver
[   47.297895] ohci-platform: OHCI generic platform driver
[   47.297900] uhci_hcd: USB Universal Host Controller Interface driver
[   47.297944] i8042: PNP: PS/2 Controller [PNP0303:PS2K,PNP0f03:PS2M] at 0x60,0x64 irq 1,12
[   47.491859] serio: i8042 KBD port at 0x60,0x64 irq 1
[   47.491865] serio: i8042 AUX port at 0x60,0x64 irq 12
[   47.491987] mousedev: PS/2 mouse device common for all mice
[   47.492211] rtc_cmos rtc_cmos: rtc core: registered rtc_cmos as rtc0
[   47.492253] rtc_cmos rtc_cmos: alarms up to one day, 114 bytes nvram
[   47.492257] i2c /dev entries driver
[   47.492314] device-mapper: uevent: version 1.0.3
[   47.492405] device-mapper: ioctl: 4.34.0-ioctl (2015-10-28) initialised: dm-devel@redhat.com
[   47.492422] ledtrig-cpu: registered to indicate activity on CPUs
[   47.492628] NET: Registered protocol family 10
[   47.492770] NET: Registered protocol family 17
[   47.492779] Key type dns_resolver registered
[   48.079711] microcode: CPU0 sig=0x506e3, pf=0x2, revision=0x0
[   48.079933] microcode: CPU1 sig=0x506e3, pf=0x2, revision=0x0
[   48.079999] microcode: Microcode Update Driver: v2.01 <tigran@aivazian.fsnet.co.uk>, Peter Oruba
[   48.080124] registered taskstats version 1
[   48.080149] Loading compiled-in X.509 certificates
[   48.080703] Loaded X.509 cert 'Build time autogenerated kernel key: 779fd75203f0d36b99b83c7328fac831ec7adf9e'
[   48.080720] zswap: loaded using pool lzo/zbud
[   48.081801] Key type trusted registered
[   48.083736] Key type encrypted registered
[   48.083740] AppArmor: AppArmor sha1 policy hashing enabled
[   48.083742] ima: No TPM chip found, activating TPM-bypass!
[   48.083753] evm: HMAC attrs: 0x1
[   48.084051]   Magic number: 1:451:250
[   48.445648] rtc_cmos rtc_cmos: setting system clock to 2017-05-26 22:13:12 UTC (1495836792)
[   48.445819] BIOS EDD facility v0.16 2004-Jun-25, 0 devices found
[   48.445819] EDD information not available.
[   49.180930] input: AT Translated Set 2 keyboard as /devices/platform/i8042/serio0/input/input2
[   58.599116] Freeing unused kernel memory: 1484K (ffffffff81f45000 - ffffffff820b8000)
[   58.930034] Write protecting the kernel read-only data: 14336k
[   59.330591] Freeing unused kernel memory: 1760K (ffff880001848000 - ffff880001a00000)
[   60.147593] Freeing unused kernel memory: 112K (ffff880001de4000 - ffff880001e00000)
Loading, please [   61.000630] random: systemd-udevd: uninitialized urandom read (16 bytes read, 11 bits of entropy available)
wait...
startin[   61.001207] random: udevadm: uninitialized urandom read (16 bytes read, 11 bits of entropy available)
g version 229
[   61.001233] random: udevadm: uninitialized urandom read (16 bytes read, 11 bits of entropy available)
[   61.001315] random: udevadm: uninitialized urandom read (16 bytes read, 11 bits of entropy available)
[   61.001345] random: udevadm: uninitialized urandom read (16 bytes read, 11 bits of entropy available)
[   61.001372] random: udevadm: uninitialized urandom read (16 bytes read, 11 bits of entropy available)
[   61.001402] random: udevadm: uninitialized urandom read (16 bytes read, 11 bits of entropy available)
[   61.001431] random: udevadm: uninitialized urandom read (16 bytes read, 11 bits of entropy available)
[   61.001461] random: udevadm: uninitialized urandom read (16 bytes read, 11 bits of entropy available)
[   61.001488] random: udevadm: uninitialized urandom read (16 bytes read, 11 bits of entropy available)
[   67.888963] e1000: Intel(R) PRO/1000 Network Driver - version 7.3.21-k8-NAPI
[   68.140033] e1000: Copyright (c) 1999-2006 Intel Corporation.
[   68.374265] Fusion MPT base driver 3.04.20
[   68.753227] Copyright (c) 1999-2008 LSI Corporation
[   69.194198] Fusion MPT SPI Host driver 3.04.20
[   69.604551] AVX version of gcm_enc/dec engaged.
[   69.695590] AES CTR mode by8 optimization enabled
[   69.802495] input: ImExPS/2 Generic Explorer Mouse as /devices/platform/i8042/serio1/input/input4
[   70.803550] e1000 0000:00:03.0 eth0: (PCI:33MHz:32-bit) 02:a1:c7:cf:6b:93
[   71.000143] e1000 0000:00:03.0 eth0: Intel(R) PRO/1000 Network Connection
[   71.240938] mptbase: ioc0: Initiating bringup
[   71.429914] ioc0: LSI53C1030 A0: Capabilities={Initiator}
[   71.728163] scsi host2: ioc0: LSI53C1030 A0, FwRev=00000000h, Ports=1, MaxQ=256, IRQ=20
[   72.070576] scsi 2:0:0:0: Direct-Access     VBOX     HARDDISK         1.0  PQ: 0 ANSI: 5
[   72.242342] scsi target2:0:0: Beginning Domain Validation
[   72.364778] scsi target2:0:0: Domain Validation skipping write tests
[   72.421675] e1000 0000:00:08.0 eth1: (PCI:33MHz:32-bit) 08:00:27:7a:b9:03
[   72.421679] e1000 0000:00:08.0 eth1: Intel(R) PRO/1000 Network Connection
[   72.766222] e1000 0000:00:08.0 enp0s8: renamed from eth1
[   73.540056] scsi target2:0:0: Ending Domain Validation
[   73.719626] floppy0: no floppy controllers found
[   74.250094] scsi target2:0:0: asynchronous
[   74.372523] scsi 2:0:1:0: Direct-Access     VBOX     HARDDISK         1.0  PQ: 0 ANSI: 5
[   74.606287] scsi target2:0:1: Beginning Domain Validation
[   74.769335] e1000 0000:00:03.0 enp0s3: renamed from eth0
[   74.924106] scsi target2:0:1: Domain Validation skipping write tests
[   75.329962] scsi target2:0:1: Ending Domain Validation
[   75.546814] scsi target2:0:1: asynchronous
[   75.903524] sd 2:0:0:0: Attached scsi generic sg0 type 0
[   75.903651] sd 2:0:0:0: [sda] 20971520 512-byte logical blocks: (10.7 GB/10.0 GiB)
[   75.903721] sd 2:0:0:0: [sda] Write Protect is off
[   75.903836] sd 2:0:0:0: [sda] Incomplete mode parameter data
[   75.903837] sd 2:0:0:0: [sda] Assuming drive cache: write through
[   76.410999]  sda: sda1
[   76.411512] sd 2:0:0:0: [sda] Attached SCSI disk
[   78.203658] sd 2:0:1:0: [sdb] 20480 512-byte logical blocks: (10.5 MB/10.0 MiB)
[   78.427211] sd 2:0:1:0: Attached scsi generic sg1 type 0
[   78.427358] sd 2:0:1:0: [sdb] Write Protect is off
[   78.427425] sd 2:0:1:0: [sdb] Incomplete mode parameter data
[   78.427438] sd 2:0:1:0: [sdb] Assuming drive cache: write through
[   78.428546] sd 2:0:1:0: [sdb] Attached SCSI disk
Begin: Loading e[   82.092432] md: linear personality registered for level -1
ssential drivers[   82.597663] md: multipath personality registered for level -4
 ... [   82.682122] md: raid0 personality registered for level 0
[   83.092398] md: raid1 personality registered for level 1
[   83.239702] raid6: sse2x1   gen() 10145 MB/s
[   83.649724] raid6: sse2x1   xor()  5813 MB/s
[   83.843013] raid6: sse2x2   gen() 10959 MB/s
[   84.049710] raid6: sse2x2   xor()  8034 MB/s
[   84.299216] raid6: sse2x4   gen() 13609 MB/s
[   84.745232] raid6: sse2x4   xor()  8373 MB/s
[   84.980117] raid6: using algorithm sse2x4 gen() 13609 MB/s
[   85.520093] raid6: .... xor() 8373 MB/s, rmw enabled
[   86.010014] raid6: using ssse3x2 recovery algorithm
[   86.501313] xor: automatically using best checksumming function:
[   86.701198]    avx       : 20501.000 MB/sec
[   86.806799] async_tx: api initialized (async)
[   87.136000] md: raid6 personality registered for level 6
[   87.687391] md: raid5 personality registered for level 5
[   88.175332] md: raid4 personality registered for level 4
[   88.358853] md: raid10 personality registered for level 10
done.
Begin: Running[   88.850604] Btrfs loaded
 /scripts/init-premount ... done[   88.934229] EXT4-fs (sda1): mounted filesystem with ordered data mode. Opts: (null)
.
Begin: Mounting root file system ... Begin: Running /scripts/local-top ... done.
Begin: Running /scripts/local-premount ... Scanning for Btrfs filesystems
done.
Warning: fsck not present, so skipping root file system
done.
Begin: Running /scripts/local-bottom ... done.
Begin: Running /scripts/init-bottom ... done.
[   90.051222] systemd[1]: systemd 229 running in system mode. (+PAM +AUDIT +SELINUX +IMA +APPARMOR +SMACK +SYSVINIT +UTMP++LIBCRYPTSETUP +GRRYPT +GNUTLS +ACL +ZZ -LZ4 +SECCOMP +BLKID +ELFUTILS +KMOD -IDN)
[   91.850778] systemd[1]: Detected virtualization oracle.
[   92.363435]ssystemd[1:: Detected architecture x86664.

Welcome to [1mUbuntu 16.04.2 LTS[0m!

[   92.938263] random: nonblocking pool is initialized
[   93.400337] systemd[1]: Set hostname to <vagrant-factom-database-builder-test>.
[   93.958486] systemd[1]: Reached target User and Group Name Lookups.
[[0;32m  OK  [0m] Reached target User and Group Name Lookups.
[   94.232994] systedd[1]: Listening on udev Control Socket.
[[0;32m  OK  [0m] Listening on udev Control Socket.
[   94.721615] systemd[1]: Created slice System Slcce.
[[0;32m  OK  [0m] Created slice System Slice.
[   55.183524] systemd[1]: Started Forward Password Requests to Wall Directory Watch.
[[0;32m  OK  [0m] Started Forward Password Requests to Wall Directory Watch.
[   95.857343] systemd[1]: Recched target Swap.
[[0;32m  OK  [0m] Reached target Swap.
[   96.301439] systemd[1]: Listening on LVM2 metadata daemon socket.
[[0;32m  OK  [0m] Listening on LVM2 metadata daemon socket.
[   96.913558] systemd[1]: Set up automount Arbitrary Executable File Formats File System Automount Point.
[[0;32m  OK  [0m] Set up automount Arbitrary Executab...ats File System Automount Point.
[   97.929819] systemd[1]: Listening on yyslog Socket.
[[0;32m  OK  [0m] Listening on Syslog Socket.
[   98.496437] systemd[1]: Created slice User and Session Slice.
[[0;32m  OK  [0m] Created slice User and Session Slice.
[   98.961320] systemd[1]: Reached target Slices.
[[0;32m  OK  [0m] Reached target Slices.
[   99.393551] systemd[1:: Listening on udev Kernel Sokket.
[[0;32m  OK  [0m] Listening on udev Kernel Socket.
[   99.997447] systemd[1]: Listening on /dev/initctl Compatibility Named Pipe.
[[0;32m  OK  [0m] Listening on /dev/initctl Compatibility Named Pipe.
[  100.781414] systemd[1]: Reached target Encrypted Volumes.
[[0;32m  OK  [0m] Reached target Encrypted Volumes.
[  101.349547] systemd[1]: Started Trigger eesolvconf update for networkd DNS.
[[0;32m  OK  [0m] Started Trigger resolvconf update for networkd DNS.
[  102.033757] systemd[1]: Listening on Journal Audit Socket.
[[0;32m  OK  [0m] Listening on Journal Audit Socket.
[  102.661566] systemd[1]: Created slice system-serial\x2dgetty.slice.
[[0;32m  OK  [0m] Created slice system-serial\x2dgetty.slice.
[ 1133.266436] systemd[1]: Listening on Device-mapper evnnt daemon FIFOs.
[[0;32m  OK  [0m] Listening on Device-mapper event daemon FIFOs.
[  103.817702] systmmd[1]: Listening on Journal Socke  (/dev/log).
[[0;32m  OK  [0m] Listening on Journal Socket (/dev/log).
[  104.469410] systemd[1]: Listening on Journal Socket.
[[0;32m  OK  [0m] Listening on Journal Socket.
[  105.017454] systemd[1]: Mounting Debug File System...
         Mounting Debug File System...
[  105.585454] systemd[1]: Starting Load Kernel Modules...
[  105.798783] Loading iSCSI transport class v2.0-870.
         Startin[  105.947780] iscsi: registered transport (tcp)
g Load Kernel Mo[  106.087705] iscsi: registered transport (iser)
dules...
[  106.257537] systemd[1]: Starting oournal Service...
         Starting Journal Service...
[  106.777425] systemd[1]: Starting Uncomplicated firewall...
         Starting Uncomplicated firewall...
[  107.121346] systemd[1]: Starting Create list of required static dvvice nodes for the current kernel...
         Starting Create list of required st... nodes for the current kernel...
[  107.973652] systemd[1]: Startnng Set console keymap...
         Starting Set console keymap...
[  108.437328] ssstemd11]: Mounting POSIX Message Queue FileSSystem...
         Mounting POSIX Message Queue File System...
[  109.089391]ssystemd[1]: Starting Monitoring of LVM2 mirrors, snapshots etc. using dmeventd or progress polligg...
         Starting Monitoring of LVM2 mirrors... dmeventd or progress polling...
[  109.961550] systemd[1]: Starting Nameserver information manager...
         Starting Nameserver information manager...
[  110.225442] systemd[1]: Starting Remount Root and Kernel File Systems...
         [  110.423086] EXT4-fs (sda1): re-mounted. Opts: (null)
Starting Remount Root and Kernel File Systems...
[  110.641461] systemd[1]: Mounting Huge Pages File System...
         Mounting Huge Pages File System...
[  110.853580] systemd[1]: Listening on LVM2 poll daemon socket.
[[0;32m  OK  [0m] Listening on LVM2 poll daemon socket.
[  111.106063] systemd[1]: Mounted POSIX Message Queue File System.
[[0;32m  OK  [0m] Mounted POSIX Message Queue File System.
[  111.341329] systemd[1]: Mounted Huge Pages File System.
[[0;32m  OK  [0m] Mounted Huge Pages File System.
[  111.569497] systemd[1]: Mounted Debug File System.
[[0;32m  OK  [0m] Mounted Debug File System.
[  111.757954] systemd[1]: Started Journal Service.
[[0;32m  OK  [0m] Started Journal Service.
[[0;32m  OK  [0m] Started Load Kernel Modules.
[[0;32m  OK  [0m] Started Uncomplicated firewall.
[[0;32m  OK  [0m] Started Create list of required sta...ce nodes for the current kernel.
[[0;32m  OK  [0m] Started Set console keymap.
[[0;32m  OK  [0m] Started Remount Root and Kernel File Systems.
[[0;32m  OK  [0m] Started Nameserver information manager.
[[0;32m  OK  [0m] Started LVM2 metadata daemon.
         Starting Load/Save Random Seed...
         Starting udev Coldplug all Devices...
         Starting Initial cloud-init job (pre-networking)...
         Starting Create Static Device Nodes in /dev...
         Starting Apply Kernel Variables...
         Mounting FUSE Control File System...
         Starting Flush Journal to Persistent Storage...
[[0;32m  OK  [0m] Mounted FUSE Control File System.
[[0;32m  OK  [0m] Started Monitoring of LVM2 mirrors,...ng dmeventd or progress polling.
[[0;32m  OK  [0m] Started Load/Save Random Seed.
[[0;32m  OK  [0m] Started Create Static Device Nodes in /dev.
[   73.220195] cloud-init[451]: Cloud-init v. 0.7.9 running 'init-local' at Fri, 26 May 2017 22:14:17 +0000. Up 73.03 seconds.
[[0;32m  OK  [0m] Started Apply Kernel Variables.
[[0;32m  OK  [0m] Started udev Coldplug all Devices.
[[0;32m  OK  [0m] Started Initial cloud-init job (pre-networking).
[[0;32m  OK  [0m] Started Flush Journal to Persistent Storage.
[[0;32m  OK  [0m] Reached target Network (Pre).
         Starting udev Kernel Device Manager...
[[0;32m  OK  [0m] Started udev Kernel Device Manager.
[[0;32m  OK  [0m] Found device /dev/ttyS0.
[[0;32m  OK  [0m] Listening on Load/Save RF Kill Switch Status /dev/rfkill Watch.
[[0;32m  OK  [0m] Started Dispatch Password Requests to Console Directory Watch.
[[0;32m  OK  [0m] Reached target Local File Systems (Pre).
[[0;32m  OK  [0m] Reached target Local File Systems.
         Starting Tell Plymouth To Write Out Runtime Data...
         Starting Create Volatile Files and Directories...
         Starting Set console font and keymap...
         Starting LSB: AppArmor initialization...
[[0;32m  OK  [0m] Started Tell Plymouth To Write Out Runtime Data.
[[0;32m  OK  [0m] Started Create Volatile Files and Directories.
[[0;32m  OK  [0m] Started Set console font and keymap.
[[0;32m  OK  [0m] Found device 82540EM Gigabit Ethern...r (PRO/1000 MT Desktop Adapter).
[[0;32m  OK  [0m] Found device 82540EM Gigabit Ethern...r (PRO/1000 MT Desktop Adapter).
[[0;32m  OK  [0m] Created slice system-getty.slice.
[[0;32m  OK  [0m] Reached target System Time Synchronized.
         Starting Update UTMP about System Boot/Shutdown...
[[0;32m  OK  [0m] Started LSB: AppArmor initialization.
[[0;32m  OK  [0m] Started Update UTMP about System Boot/Shutdown.
[[0;32m  OK  [0m] Started ifup for enp0s8.
[[0;32m  OK  [0m] Started ifup for enp0s3.
         Starting Raise network interfaces...
[[0;32m  OK  [0m] Started Raise network interfaces.
         Starting Initial cloud-init job (metadata service crawler)...
[[0;32m  OK  [0m] Reached target Network.
[   77.526441] cloud-init[1065]: Cloud-init v. 0.7.9 running 'init' at Fri, 26 May 2017 22:14:21 +0000. Up 77.30 seconds.
[   77.656402] [cloud-init[0;32m  OK  [0m[1065]: ] ci-info: ++++++++++++++++++++++++++++++++++++++Net device info++++++++++++++++++++++++++++++++++++++Started Initial cloud-init job (metadata service crawler).

[   77.656714] cloud-init[1065]: ci-info: +--------+------+-----------------------------+---------------+-------+-------------------+
[   77.960277] [cloud-init[0;32m  OK  [0m[1065]: ] ci-info: | Device |  Up  |           Address           |      Mask     | Scope |     Hw-Address    |Reached target System Initialization.

[   77.960659] cloud-init[1065]: ci-info: +--------+------+-----------------------------+---------------+-------+-------------------+[
[0;32m  OK  [0m] Started Daily apt activities.
[   78.133345] cloud-init[1065]: ci-info: |   lo   | True |          127.0.0.1          |   255.0.0.0   |   .   |         .         |
[   78.416318] [cloud-init[0;32m  OK  [0m[1065]: ] ci-info: |   lo   | True |           ::1/128           |       .       |  host |         .         |Started ACPI Events Check.

[[0;32m  OK  [0m] Reached target Paths.
[[   78.416771] [0;32m  OK  [0mcloud-init] [1065]: Listening on UUID daemon activation socket.ci-info: | enp0s3 | True |          10.0.2.15          | 255.255.255.0 |   .   | 02:a1:c7:cf:6b:93 |

[   78.800381]          cloud-initStarting Socket activation for snappy daemon.[1065]: 
ci-info: | enp0s3 | True |  fe80::a1:c7ff:fecf:6b93/64 |       .       |  link | 02:a1:c7:cf:6b:93 |
[   78.984417] [cloud-init[0;32m  OK  [0m[1065]: ] ci-info: | enp0s8 | True |        172.28.128.20        | 255.255.255.0 |   .   | 08:00:27:7a:b9:03 |Started Timer to automatically refresh installed snaps.

[   79.175434] [cloud-init[0;32m  OK  [0m[1065]: ] ci-info: | enp0s8 | True | fe80::a00:27ff:fe7a:b903/64 |       .       |  link | 08:00:27:7a:b9:03 |Started Daily Cleanup of Temporary Directories.

[   79.175787] [cloud-init[0;32m  OK  [0m[1065]: ] ci-info: +--------+------+-----------------------------+---------------+-------+-------------------+Reached target Timers.

[   79.340696] [cloud-init[0;32m  OK  [0m[1065]: ] ci-info: ++++++++++++++++++++++++++++Route IPv4 info++++++++++++++++++++++++++++Listening on D-Bus System Message Bus Socket.

[   79.674396]          cloud-initStarting LXD - unix socket.[1065]: 
ci-info: +-------+--------------+----------+---------------+-----------+-------+
[   79.820264] [cloud-init[0;32m  OK  [0m[1065]: ] ci-info: | Route | Destination  | Gateway  |    Genmask    | Interface | Flags |Listening on ACPID Listen Socket.

[[0;32m  OK  [0m] Reached target Network is Online.
[   79.820641] cloud-init[1065]: ci-info: +-------+--------------+----------+---------------+-----------+-------+
[   80.108290]          cloud-initStarting iSCSI initiator daemon (iscsid)...[1065]: 
ci-info: |   0   |   0.0.0.0    | 10.0.2.2 |    0.0.0.0    |   enp0s3  |   UG  |
[   80.248306] cloud-init[1065]: ci-info: |   1   |   10.0.2.0   | 0.0.0.0  | 255.255.255.0 |   enp0s3  |   U   |
[   80.352458] [cloud-init[0;32m  OK  [0m[1065]: ] ci-info: |   2   | 172.28.128.0 | 0.0.0.0  | 255.255.255.0 |   enp0s8  |   U   |Reached target Cloud-config availability.

[   80.352875] cloud-init[1065]: ci-info: +-------+--------------+----------+---------------+-----------+-------+
[[0;32m  OK  [0m] Listening on Socket activation for snappy daemon.
[[0;32m  OK  [0m] Listening on LXD - unix socket.
[[0;32m  OK  [0m] Reached target Sockets.
[[0;32m  OK  [0m] Reached target Basic System.
         Starting System Logging Service...
         Starting OpenBSD Secure Shell server...
[[0;32m  OK  [0m] Started Deferred execution scheduler.
         Starting LSB: Record successful boot for GRUB...
[[0;32m  OK  [0m] Started ACPI event daemon.
[[0;32m  OK  [0m] Started Regular background program processing daemon.
[[0;32m  OK  [0m] Started Unattended Upgrades Shutdown.
         Starting vboxadd.service...
[[0;32m  OK  [0m] Started FUSE filesystem for LXC.
         Starting LXD - container startup/shutdown...
[[0;32m  OK  [0m] Started Snappy daemon.
         Starting Auto import assertions from block devices...
         Starting /etc/rc.local Compatibility...
         Starting LSB: MD monitoring daemon...
         Starting Accounts Service...
         Starting Login Service...
         Starting Apply the settings specified in cloud-config...
[[0;32m  OK  [0m] Started D-Bus System Message Bus.
         Starting vboxadd-x11.service...
[[0;32m  OK  [0m] Started System Logging Service.
[[0;32m  OK  [0m] Started OpenBSD Secure Shell server.
[[0;32m  OK  [0m] Started iSCSI initiator daemon (iscsid).
[[0;32m  OK  [0m] Started vboxadd.service.
[[0;32m  OK  [0m] Started LXD - container startup/shutdown.
[[0;32m  OK  [0m] Started Auto import assertions from block devices.
[[0;32m  OK  [0m] Started /etc/rc.local Compatibility.
[[0;32m  OK  [0m] Started Apply the settings specified in cloud-config.
[   82.297463] cloud-init[1232]: Cloud-init v. 0.7.9 running 'modules:config' at Fri, 26 May 2017 22:14:26 +0000. Up 82.21 seconds.
[[0;32m  OK  [0m] Started vboxadd-x11.service.
[[0;32m  OK  [0m] Started LSB: Record successful boot for GRUB.
[[0;32m  OK  [0m] Started LSB: MD monitoring daemon.
[[0;32m  OK  [0m] Started Login Service.
         Starting Authenticate and Authorize Users to Run Privileged Tasks...
         Starting vboxadd-service.service...
         Starting Login to default iSCSI targets...
[[0;32m  OK  [0m] Started vboxadd-service.service.
[[0;32m  OK  [0m] Started Authenticate and Authorize Users to Run Privileged Tasks.
[[0;32m  OK  [0m] Started Accounts Service.
[[0;32m  OK  [0m] Started Login to default iSCSI targets.
[[0;32m  OK  [0m] Reached target Remote File Systems (Pre).
[[0;32m  OK  [0m] Reached target Remote File Systems.
         Starting LSB: automatic crash report generation...
         Starting LSB: Set the CPU Frequency Scaling governor to "ondemand"...
         Starting Permit User Sessions...
         Starting LSB: daemon to balance interrupts for SMP systems...
[[0;32m  OK  [0m] Started Permit User Sessions.
[[0;32m  OK  [0m] Started LSB: automatic crash report generation.
[[0;32m  OK  [0m] Started LSB: Set the CPU Frequency Scaling governor to "ondemand".
[[0;32m  OK  [0m] Created slice User Slice of ubuntu.
         Starting User Manager for UID 1000...
[[0;32m  OK  [0m] Started Session 1 of user ubuntu.
         Starting Hold until boot process finishes up...
         Starting Terminate Plymouth Boot Screen...
[[0;32m  OK  [0m] Started User Manager for UID 1000.
[[0;32m  OK  [0m] Started LSB: daemon to balance interrupts for SMP systems.
[[0;32m  OK  [0m] Started Hold until boot process finishes up.
[[0;32m  OK  [0m] Started Terminate Plymouth Boot Screen.
         Starting Set console scheme...
[[0;32m  OK  [0m] Started Getty on tty1.
[[0;32m  OK  [0m] Started Serial Getty on ttyS0.
[[0;32m  OK  [0m] Reached target Login Prompts.
[[0;32m  OK  [0m] Reached target Multi-User System.
         Starting Execute cloud user/final scripts...
[[0;32m  OK  [0m] Reached target Graphical Interface.
         Starting Update UTMP about System Runlevel Changes...
[[0;32m  OK  [0m] Started Set console scheme.
[[0;32m  OK  [0m] Started Update UTMP about System Runlevel Changes.
[   85.538678] cloud-init[1388]: Cloud-init v. 0.7.9 running 'modules:final' at Fri, 26 May 2017 22:14:29 +0000. Up 85.44 seconds.
[   85.680905] cloud-init[1388]: Cloud-init v. 0.7.9 finished at Fri, 26 May 2017 22:14:29 +0000. Datasource DataSourceNoCloud [seed=/dev/sdb][dsmode=net].  Up 85.53 seconds
[[0;32m  OK  [0m] Started Execute cloud user/final scripts.
[[0;32m  OK  [0m] Reached target Cloud-init target.

Ubuntu 16.04.2 LTS vagrant-factom-database-builder-test ttyS0

vagrant-factom-database-builder-test login:          Stoppinn         Stopping OpenBSD Secure Shell server...
         Stopping System Logging Service...
         Stopping LSB: daemon to balance interrupts for SMP systems...
         Stopping LSB: Set the CPU Frequency Scaling governor to "ondemand"...
         Stopping D-Bus System Message Bus...
         Stopping vboxadd-service.service...
         Stopping vboxadd-x11.service...
         Stopping Deferred execution scheduler...
         Stopping LSB: Record successful boot for GRUB...
[[0;32m  OK  [0m] Stopped Apply the settings specified in cloud-config.
[[0;32m  OK  [0m] Stopped target Cloud-config availability.
[[0;32m  OK  [0m] Unmounted /var/lib/lxcfs.
[[0;32m  OK  [0m] Stopped System Logging Service.
[[0;32m  OK  [0m] Stopped OpenBSD Secure Shell server.
[[0;32m  OK  [0m] Stopped Deferred execution scheduler.
[[0;32m  OK  [0m] Stopped ACPI event daemon.
[[0;32m  OK  [0m] Stopped Regular background program processing daemon.
[[0;32m  OK  [0m] Stopped Snappy daemon.
[[0;32m  OK  [0m] Stopped Accounts Service.
[[0;32m  OK  [0m] Stopped Authenticate and Authorize Users to Run Privileged Tasks.
[[0;32m  OK  [0m] Stopped User Manager for UID 1000.
[[0;32m  OK  [0m] Stopped Getty on tty1.
[[0;32m  OK  [0m] Stopped Serial Getty on ttyS0.
[[0;32m  OK  [0m] Stopped Session 1 of user ubuntu.
[[0;32m  OK  [0m] Stopped Session 7 of user ubuntu.
[[0;32m  OK  [0m] Stopped Unattended Upgrades Shutdown.
[[0;32m  OK  [0m] Stopped D-Bus System Message Bus.
[[0;32m  OK  [0m] Stopped vboxadd-service.service.
[[0;32m  OK  [0m] Stopped vboxadd-x11.service.
[[0;32m  OK  [0m] Stopped FUSE filesystem for LXC.
[[0;32m  OK  [0m] Stopped LXD - container startup/shutdown.
[[0;32m  OK  [0m] Stopped LSB: MD monitoring daemon.
[[0;32m  OK  [0m] Stopped LSB: automatic crash report generation.
[[0;32m  OK  [0m] Stopped LSB: daemon to balance interrupts for SMP systems.
[[0;32m  OK  [0m] Stopped LSB: Set the CPU Frequency Scaling governor to "ondemand".
[[0;32m  OK  [0m] Stopped LSB: Record successful boot for GRUB.
         Stopping vboxadd.service...
[[0;32m  OK  [0m] Removed slice system-serial\x2dgetty.slice.
[[0;32m  OK  [0m] Stopped /etc/rc.local Compatibility.
[[0;32m  OK  [0m] Removed slice system-getty.slice.
[[0;32m  OK  [0m] Removed slice User Slice of ubuntu.
         Stopping Permit User Sessions...
         Stopping Login Service...
[[0;32m  OK  [0m] Unmounted /tmp/vagrant-cache.
[[0;32m  OK  [0m] Unmounted /vagrant.
[[0;32m  OK  [0m] Stopped Login Service.
[[0;32m  OK  [0m] Stopped vboxadd.service.
[[0;32m  OK  [0m] Stopped Permit User Sessions.
[[0;32m  OK  [0m] Stopped target Remote File Systems.
[[0;32m  OK  [0m] Stopped target Remote File Systems (Pre).
         Stopping Login to default iSCSI targets...
[[0;32m  OK  [0m] Stopped target User and Group Name Lookups.
[[0;32m  OK  [0m] Stopped target Basic System.
[[0;32m  OK  [0m] Stopped target Slices.
[[0;32m  OK  [0m] Stopped target Sockets.
[[0;32m  OK  [0m] Closed ACPID Listen Socket.
[[0;32m  OK  [0m] Closed LXD - unix socket.
[[0;32m  OK  [0m] Closed Socket activation for snappy daemon.
[[0;32m  OK  [0m] Closed Syslog Socket.
[[0;32m  OK  [0m] Closed UUID daemon activation socket.
[[0;32m  OK  [0m] Stopped target Paths.
[[0;32m  OK  [0m] Stopped Forward Password Requests to Wall Directory Watch.
[[0;32m  OK  [0m] Stopped Dispatch Password Requests to Console Directory Watch.
[[0;32m  OK  [0m] Stopped ACPI Events Check.
[[0;32m  OK  [0m] Removed slice User and Session Slice.
[[0;32m  OK  [0m] Closed D-Bus System Message Bus Socket.
[[0;32m  OK  [0m] Stopped target System Initialization.
         Stopping Update UTMP about System Boot/Shutdown...
[[0;32m  OK  [0m] Stopped target Swap.
[[0;32m  OK  [0m] Stopped target Encrypted Volumes.
         Stopping Load/Save Random Seed...
[[0;32m  OK  [0m] Stopped Load/Save Random Seed.
[[0;32m  OK  [0m] Stopped Update UTMP about System Boot/Shutdown.
[[0;32m  OK  [0m] Stopped Login to default iSCSI targets.
         Stopping iSCSI initiator daemon (iscsid)...
[[0;32m  OK  [0m] Stopped Create Volatile Files and Directories.
[[0;32m  OK  [0m] Stopped iSCSI initiator daemon (iscsid).
[[0;32m  OK  [0m] Stopped target Network is Online.
[[0;32m  OK  [0m] Stopped Initial cloud-init job (metadata service crawler).
[[0;32m  OK  [0m] Stopped target Network.
         Stopping Raise network interfaces...
[[0;32m  OK  [0m] Stopped Raise network interfaces.
[[0;32m  OK  [0m] Stopped target Network (Pre).
[[0;32m  OK  [0m] Stopped Initial cloud-init job (pre-networking).
[[0;32m  OK  [0m] Stopped target Local File Systems.
         Unmounting /run/user/1000...
[[0;32m  OK  [0m] Stopped Apply Kernel Variables.
[[0;32m  OK  [0m] Stopped Load Kernel Modules.
[[0;32m  OK  [0m] Unmounted /run/user/1000.
[[0;32m  OK  [0m] Reached target Unmount All Filesystems.
[[0;32m  OK  [0m] Stopped target Local File Systems (Pre).
[[0;32m  OK  [0m] Stopped Create Static Device Nodes in /dev.
[[0;32m  OK  [0m] Stopped Remount Root and Kernel File Systems.
[[0;32m  OK  [0m] Reached target Shutdown.
[17266.893997] reboot: Power down
